<?xml version="1.0" encoding="UTF-8"?>
<Site BuildName="Linux-c++"
	BuildStamp="20250111-0747-Experimental"
	Name="LAPTOP-Q4QBSOF0"
	Generator="ctest-3.22.1"
	CompilerName="/usr/bin/c++"
	CompilerVersion="11.4.0"
	OSName="Linux"
	Hostname="LAPTOP-Q4QBSOF0"
	OSRelease="5.15.167.4-microsoft-standard-WSL2"
	OSVersion="#1 SMP Tue Nov 5 00:21:55 UTC 2024"
	OSPlatform="x86_64"
	Is64Bits="1"
	VendorString="GenuineIntel"
	VendorID="Intel Corporation"
	FamilyID="6"
	ModelID="183"
	ProcessorCacheSize="36864"
	NumberOfLogicalCPU="32"
	NumberOfPhysicalCPU="16"
	TotalVirtualMemory="2048"
	TotalPhysicalMemory="7749"
	LogicalProcessorsPerPhysical="2"
	ProcessorClockFrequency="2419.2"
	>
	<Testing>
		<StartDateTime>Jan 11 22:26 CST</StartDateTime>
		<StartTestTime>1736605582</StartTestTime>
		<TestList/>
		<EndDateTime>Jan 11 22:26 CST</EndDateTime>
		<EndTestTime>1736605582</EndTestTime>
		<ElapsedMinutes>0</ElapsedMinutes>
	</Testing>
</Site>
